2025-12-08 21:52:20,096 | INFO | Training started.
2025-12-08 21:52:24,373 | INFO | Game 1 | Score: 3 | Record: 3
2025-12-08 21:52:24,373 | INFO | Mean Score: 3.0
2025-12-08 21:52:33,420 | INFO | Game 2 | Score: 8 | Record: 8
2025-12-08 21:52:33,421 | INFO | Mean Score: 5.5
2025-12-08 21:52:46,690 | INFO | Game 3 | Score: 12 | Record: 12
2025-12-08 21:52:46,690 | INFO | Mean Score: 7.666666666666667
2025-12-08 21:52:53,608 | INFO | Game 4 | Score: 6 | Record: 12
2025-12-08 21:52:53,608 | INFO | Mean Score: 7.25
2025-12-08 21:53:03,533 | INFO | Game 5 | Score: 9 | Record: 12
2025-12-08 21:53:03,533 | INFO | Mean Score: 7.6
2025-12-08 21:53:04,301 | INFO | Game 6 | Score: 0 | Record: 12
2025-12-08 21:53:04,301 | INFO | Mean Score: 6.333333333333333
2025-12-08 21:53:05,074 | INFO | Game 7 | Score: 0 | Record: 12
2025-12-08 21:53:05,074 | INFO | Mean Score: 5.428571428571429
2025-12-08 21:53:11,024 | INFO | Game 8 | Score: 5 | Record: 12
2025-12-08 21:53:11,024 | INFO | Mean Score: 5.375
2025-12-08 21:53:25,448 | INFO | Game 9 | Score: 13 | Record: 13
2025-12-08 21:53:25,448 | INFO | Mean Score: 6.222222222222222
2025-12-08 21:53:26,217 | INFO | Game 10 | Score: 0 | Record: 13
2025-12-08 21:53:26,218 | INFO | Mean Score: 5.6
2025-12-08 21:53:32,058 | INFO | Game 11 | Score: 5 | Record: 13
2025-12-08 21:53:32,058 | INFO | Mean Score: 5.545454545454546
2025-12-08 21:53:37,897 | INFO | Game 12 | Score: 5 | Record: 13
2025-12-08 21:53:37,897 | INFO | Mean Score: 5.5
2025-12-08 21:53:41,691 | INFO | Game 13 | Score: 3 | Record: 13
2025-12-08 21:53:41,691 | INFO | Mean Score: 5.3076923076923075
2025-12-08 21:53:47,645 | INFO | Game 14 | Score: 5 | Record: 13
2025-12-08 21:53:47,645 | INFO | Mean Score: 5.285714285714286
2025-12-08 21:53:52,590 | INFO | Game 15 | Score: 4 | Record: 13
2025-12-08 21:53:52,590 | INFO | Mean Score: 5.2
2025-12-08 21:54:03,648 | INFO | Game 16 | Score: 10 | Record: 13
2025-12-08 21:54:03,648 | INFO | Mean Score: 5.5
2025-12-08 21:54:12,910 | INFO | Game 17 | Score: 8 | Record: 13
2025-12-08 21:54:12,911 | INFO | Mean Score: 5.647058823529412
2025-12-08 21:54:16,827 | INFO | Game 18 | Score: 3 | Record: 13
2025-12-08 21:54:16,827 | INFO | Mean Score: 5.5
2025-12-08 21:54:18,754 | INFO | Game 19 | Score: 1 | Record: 13
2025-12-08 21:54:18,755 | INFO | Mean Score: 5.2631578947368425
2025-12-08 21:54:21,566 | INFO | Game 20 | Score: 2 | Record: 13
2025-12-08 21:54:21,567 | INFO | Mean Score: 5.1
2025-12-08 21:54:23,344 | INFO | Game 21 | Score: 1 | Record: 13
2025-12-08 21:54:23,344 | INFO | Mean Score: 4.904761904761905
2025-12-08 21:54:26,371 | INFO | Game 22 | Score: 2 | Record: 13
2025-12-08 21:54:26,372 | INFO | Mean Score: 4.7727272727272725
2025-12-08 21:54:37,582 | INFO | Game 23 | Score: 10 | Record: 13
2025-12-08 21:54:37,583 | INFO | Mean Score: 5.0
2025-12-08 21:54:39,407 | INFO | Game 24 | Score: 1 | Record: 13
2025-12-08 21:54:39,407 | INFO | Mean Score: 4.833333333333333
2025-12-08 21:54:42,216 | INFO | Game 25 | Score: 2 | Record: 13
2025-12-08 21:54:42,216 | INFO | Mean Score: 4.72
2025-12-08 21:54:45,018 | INFO | Game 26 | Score: 2 | Record: 13
2025-12-08 21:54:45,019 | INFO | Mean Score: 4.615384615384615
2025-12-08 21:54:49,114 | INFO | Game 27 | Score: 3 | Record: 13
2025-12-08 21:54:49,114 | INFO | Mean Score: 4.555555555555555
2025-12-08 21:54:56,077 | INFO | Game 28 | Score: 6 | Record: 13
2025-12-08 21:54:56,077 | INFO | Mean Score: 4.607142857142857
2025-12-08 21:54:57,878 | INFO | Game 29 | Score: 1 | Record: 13
2025-12-08 21:54:57,878 | INFO | Mean Score: 4.482758620689655
2025-12-08 21:54:59,660 | INFO | Game 30 | Score: 1 | Record: 13
2025-12-08 21:54:59,660 | INFO | Mean Score: 4.366666666666666
2025-12-08 21:55:01,764 | INFO | Game 31 | Score: 1 | Record: 13
2025-12-08 21:55:01,765 | INFO | Mean Score: 4.258064516129032
2025-12-08 21:55:07,717 | INFO | Game 32 | Score: 5 | Record: 13
2025-12-08 21:55:07,718 | INFO | Mean Score: 4.28125
2025-12-08 21:55:08,522 | INFO | Game 33 | Score: 0 | Record: 13
2025-12-08 21:55:08,522 | INFO | Mean Score: 4.151515151515151
2025-12-08 21:55:10,309 | INFO | Game 34 | Score: 1 | Record: 13
2025-12-08 21:55:10,309 | INFO | Mean Score: 4.0588235294117645
2025-12-08 21:55:13,341 | INFO | Game 35 | Score: 2 | Record: 13
2025-12-08 21:55:13,341 | INFO | Mean Score: 4.0
2025-12-08 21:55:26,735 | INFO | Game 36 | Score: 12 | Record: 13
2025-12-08 21:55:26,735 | INFO | Mean Score: 4.222222222222222
2025-12-08 21:55:40,853 | INFO | Game 37 | Score: 13 | Record: 13
2025-12-08 21:55:40,853 | INFO | Mean Score: 4.45945945945946
2025-12-08 21:55:43,697 | INFO | Game 38 | Score: 2 | Record: 13
2025-12-08 21:55:43,697 | INFO | Mean Score: 4.394736842105263
2025-12-08 21:55:46,520 | INFO | Game 39 | Score: 2 | Record: 13
2025-12-08 21:55:46,521 | INFO | Mean Score: 4.333333333333333
2025-12-08 21:55:51,715 | INFO | Game 40 | Score: 4 | Record: 13
2025-12-08 21:55:51,715 | INFO | Mean Score: 4.325
2025-12-08 21:55:52,499 | INFO | Game 41 | Score: 0 | Record: 13
2025-12-08 21:55:52,499 | INFO | Mean Score: 4.219512195121951
2025-12-08 21:55:58,387 | INFO | Game 42 | Score: 5 | Record: 13
2025-12-08 21:55:58,387 | INFO | Mean Score: 4.238095238095238
2025-12-08 21:56:00,163 | INFO | Game 43 | Score: 1 | Record: 13
2025-12-08 21:56:00,163 | INFO | Mean Score: 4.162790697674419
2025-12-08 21:56:06,060 | INFO | Game 44 | Score: 5 | Record: 13
2025-12-08 21:56:06,060 | INFO | Mean Score: 4.181818181818182
2025-12-08 21:56:10,133 | INFO | Game 45 | Score: 3 | Record: 13
2025-12-08 21:56:10,133 | INFO | Mean Score: 4.155555555555556
2025-12-08 21:56:16,248 | INFO | Game 46 | Score: 5 | Record: 13
2025-12-08 21:56:16,249 | INFO | Mean Score: 4.173913043478261
2025-12-08 21:56:20,083 | INFO | Game 47 | Score: 3 | Record: 13
2025-12-08 21:56:20,083 | INFO | Mean Score: 4.148936170212766
2025-12-08 21:56:24,913 | INFO | Game 48 | Score: 4 | Record: 13
2025-12-08 21:56:24,913 | INFO | Mean Score: 4.145833333333333
2025-12-08 21:56:32,825 | INFO | Game 49 | Score: 7 | Record: 13
2025-12-08 21:56:32,825 | INFO | Mean Score: 4.204081632653061
2025-12-08 21:56:54,133 | INFO | Game 50 | Score: 20 | Record: 20
2025-12-08 21:56:54,133 | INFO | Mean Score: 4.52
2025-12-08 21:56:54,256 | INFO | ----- Last 50 Games Summary -----
2025-12-08 21:56:54,256 | INFO | Mean score: 4.52
2025-12-08 21:56:54,256 | INFO | Zero-score games: 5
2025-12-08 21:56:54,256 | INFO | Memory size: 6516
2025-12-08 21:56:54,256 | INFO | ---------------------------------
2025-12-08 21:56:58,989 | INFO | Game 51 | Score: 4 | Record: 20
2025-12-08 21:56:58,989 | INFO | Mean Score: 4.509803921568627
2025-12-08 21:57:02,870 | INFO | Game 52 | Score: 3 | Record: 20
2025-12-08 21:57:02,870 | INFO | Mean Score: 4.480769230769231
2025-12-08 21:57:05,052 | INFO | Game 53 | Score: 1 | Record: 20
2025-12-08 21:57:05,052 | INFO | Mean Score: 4.415094339622642
2025-12-08 21:57:10,929 | INFO | Game 54 | Score: 5 | Record: 20
2025-12-08 21:57:10,929 | INFO | Mean Score: 4.425925925925926
2025-12-08 21:57:27,009 | INFO | Game 55 | Score: 15 | Record: 20
2025-12-08 21:57:27,010 | INFO | Mean Score: 4.618181818181818
2025-12-08 21:57:29,149 | INFO | Game 56 | Score: 1 | Record: 20
2025-12-08 21:57:29,149 | INFO | Mean Score: 4.553571428571429
2025-12-08 21:57:51,613 | INFO | Game 57 | Score: 21 | Record: 21
2025-12-08 21:57:51,614 | INFO | Mean Score: 4.842105263157895
2025-12-08 21:58:04,919 | INFO | Game 58 | Score: 12 | Record: 21
2025-12-08 21:58:04,920 | INFO | Mean Score: 4.9655172413793105
2025-12-08 21:58:08,806 | INFO | Game 59 | Score: 3 | Record: 21
2025-12-08 21:58:08,806 | INFO | Mean Score: 4.932203389830509
2025-12-08 21:58:13,674 | INFO | Game 60 | Score: 4 | Record: 21
2025-12-08 21:58:13,674 | INFO | Mean Score: 4.916666666666667
2025-12-08 21:58:19,526 | INFO | Game 61 | Score: 5 | Record: 21
2025-12-08 21:58:19,526 | INFO | Mean Score: 4.918032786885246
2025-12-08 21:58:30,649 | INFO | Game 62 | Score: 10 | Record: 21
2025-12-08 21:58:30,649 | INFO | Mean Score: 5.0
2025-12-08 21:58:37,523 | INFO | Game 63 | Score: 6 | Record: 21
2025-12-08 21:58:37,524 | INFO | Mean Score: 5.015873015873016
2025-12-08 21:58:53,846 | INFO | Game 64 | Score: 15 | Record: 21
2025-12-08 21:58:53,847 | INFO | Mean Score: 5.171875
2025-12-08 21:59:00,805 | INFO | Game 65 | Score: 6 | Record: 21
2025-12-08 21:59:00,805 | INFO | Mean Score: 5.184615384615385
2025-12-08 21:59:01,580 | INFO | Game 66 | Score: 0 | Record: 21
2025-12-08 21:59:01,580 | INFO | Mean Score: 5.106060606060606
2025-12-08 21:59:07,610 | INFO | Game 67 | Score: 5 | Record: 21
2025-12-08 21:59:07,610 | INFO | Mean Score: 5.104477611940299
2025-12-08 21:59:11,431 | INFO | Game 68 | Score: 3 | Record: 21
2025-12-08 21:59:11,431 | INFO | Mean Score: 5.073529411764706
2025-12-08 21:59:20,367 | INFO | Game 69 | Score: 8 | Record: 21
2025-12-08 21:59:20,367 | INFO | Mean Score: 5.115942028985507
2025-12-08 21:59:27,264 | INFO | Game 70 | Score: 6 | Record: 21
2025-12-08 21:59:27,264 | INFO | Mean Score: 5.128571428571429
2025-12-08 21:59:30,390 | INFO | Game 71 | Score: 2 | Record: 21
2025-12-08 21:59:30,390 | INFO | Mean Score: 5.084507042253521
2025-12-08 21:59:34,280 | INFO | Game 72 | Score: 3 | Record: 21
2025-12-08 21:59:34,280 | INFO | Mean Score: 5.055555555555555
2025-12-08 21:59:49,350 | INFO | Game 73 | Score: 14 | Record: 21
2025-12-08 21:59:49,350 | INFO | Mean Score: 5.178082191780822
2025-12-08 21:59:55,526 | INFO | Game 74 | Score: 5 | Record: 21
2025-12-08 21:59:55,526 | INFO | Mean Score: 5.175675675675675
2025-12-08 21:59:59,433 | INFO | Game 75 | Score: 3 | Record: 21
2025-12-08 21:59:59,433 | INFO | Mean Score: 5.1466666666666665
2025-12-08 22:00:07,696 | INFO | Game 76 | Score: 7 | Record: 21
2025-12-08 22:00:07,696 | INFO | Mean Score: 5.171052631578948
2025-12-08 22:00:11,911 | INFO | Game 77 | Score: 3 | Record: 21
2025-12-08 22:00:11,911 | INFO | Mean Score: 5.142857142857143
2025-12-08 22:00:19,146 | INFO | Game 78 | Score: 6 | Record: 21
2025-12-08 22:00:19,146 | INFO | Mean Score: 5.153846153846154
2025-12-08 22:00:23,044 | INFO | Game 79 | Score: 3 | Record: 21
2025-12-08 22:00:23,044 | INFO | Mean Score: 5.1265822784810124
2025-12-08 22:00:35,029 | INFO | Game 80 | Score: 11 | Record: 21
2025-12-08 22:00:35,029 | INFO | Mean Score: 5.2
2025-12-08 22:00:37,881 | INFO | Game 81 | Score: 2 | Record: 21
2025-12-08 22:00:37,881 | INFO | Mean Score: 5.160493827160494
2025-12-08 22:00:48,910 | INFO | Game 82 | Score: 10 | Record: 21
2025-12-08 22:00:48,910 | INFO | Mean Score: 5.219512195121951
2025-12-08 22:01:03,929 | INFO | Game 83 | Score: 14 | Record: 21
2025-12-08 22:01:03,929 | INFO | Mean Score: 5.325301204819277
2025-12-08 22:01:10,889 | INFO | Game 84 | Score: 6 | Record: 21
2025-12-08 22:01:10,889 | INFO | Mean Score: 5.333333333333333
2025-12-08 22:01:16,728 | INFO | Game 85 | Score: 5 | Record: 21
2025-12-08 22:01:16,728 | INFO | Mean Score: 5.329411764705882
2025-12-08 22:01:25,666 | INFO | Game 86 | Score: 8 | Record: 21
2025-12-08 22:01:25,667 | INFO | Mean Score: 5.3604651162790695
2025-12-08 22:01:29,542 | INFO | Game 87 | Score: 3 | Record: 21
2025-12-08 22:01:29,542 | INFO | Mean Score: 5.333333333333333
2025-12-08 22:01:33,699 | INFO | Game 88 | Score: 3 | Record: 21
2025-12-08 22:01:33,699 | INFO | Mean Score: 5.306818181818182
2025-12-08 22:01:35,452 | INFO | Game 89 | Score: 1 | Record: 21
2025-12-08 22:01:35,452 | INFO | Mean Score: 5.258426966292135
2025-12-08 22:01:43,333 | INFO | Game 90 | Score: 7 | Record: 21
2025-12-08 22:01:43,333 | INFO | Mean Score: 5.277777777777778
2025-12-08 22:01:48,197 | INFO | Game 91 | Score: 4 | Record: 21
2025-12-08 22:01:48,197 | INFO | Mean Score: 5.263736263736264
2025-12-08 22:02:04,319 | INFO | Game 92 | Score: 15 | Record: 21
2025-12-08 22:02:04,319 | INFO | Mean Score: 5.369565217391305
2025-12-08 22:02:12,210 | INFO | Game 93 | Score: 7 | Record: 21
2025-12-08 22:02:12,211 | INFO | Mean Score: 5.387096774193548
2025-12-08 22:02:23,219 | INFO | Game 94 | Score: 10 | Record: 21
2025-12-08 22:02:23,219 | INFO | Mean Score: 5.4361702127659575
2025-12-08 22:02:29,043 | INFO | Game 95 | Score: 5 | Record: 21
2025-12-08 22:02:29,044 | INFO | Mean Score: 5.431578947368421
2025-12-08 22:02:35,029 | INFO | Game 96 | Score: 5 | Record: 21
2025-12-08 22:02:35,029 | INFO | Mean Score: 5.427083333333333
2025-12-08 22:02:38,930 | INFO | Game 97 | Score: 3 | Record: 21
2025-12-08 22:02:38,930 | INFO | Mean Score: 5.402061855670103
2025-12-08 22:02:41,758 | INFO | Game 98 | Score: 2 | Record: 21
2025-12-08 22:02:41,759 | INFO | Mean Score: 5.36734693877551
2025-12-08 22:02:44,595 | INFO | Game 99 | Score: 2 | Record: 21
2025-12-08 22:02:44,595 | INFO | Mean Score: 5.333333333333333
2025-12-08 22:02:48,525 | INFO | Game 100 | Score: 3 | Record: 21
2025-12-08 22:02:48,525 | INFO | Mean Score: 5.31
2025-12-08 22:02:48,635 | INFO | ----- Last 50 Games Summary -----
2025-12-08 22:02:48,635 | INFO | Mean score: 6.1
2025-12-08 22:02:48,635 | INFO | Zero-score games: 1
2025-12-08 22:02:48,635 | INFO | Memory size: 15033
2025-12-08 22:02:48,635 | INFO | ---------------------------------
2025-12-08 22:03:01,690 | INFO | Game 101 | Score: 12 | Record: 21
2025-12-08 22:03:01,690 | INFO | Mean Score: 5.376237623762377
2025-12-08 22:03:03,491 | INFO | Game 102 | Score: 1 | Record: 21
2025-12-08 22:03:03,491 | INFO | Mean Score: 5.333333333333333
2025-12-08 22:03:11,574 | INFO | Game 103 | Score: 7 | Record: 21
2025-12-08 22:03:11,574 | INFO | Mean Score: 5.349514563106796
2025-12-08 22:03:13,352 | INFO | Game 104 | Score: 1 | Record: 21
2025-12-08 22:03:13,352 | INFO | Mean Score: 5.3076923076923075
2025-12-08 22:03:46,027 | INFO | Game 105 | Score: 31 | Record: 31
2025-12-08 22:03:46,027 | INFO | Mean Score: 5.552380952380952
2025-12-08 22:03:57,085 | INFO | Game 106 | Score: 10 | Record: 31
2025-12-08 22:03:57,085 | INFO | Mean Score: 5.59433962264151
2025-12-08 22:03:59,193 | INFO | Game 107 | Score: 1 | Record: 31
2025-12-08 22:03:59,194 | INFO | Mean Score: 5.5514018691588785
2025-12-08 22:04:01,003 | INFO | Game 108 | Score: 1 | Record: 31
2025-12-08 22:04:01,003 | INFO | Mean Score: 5.5092592592592595
2025-12-08 22:04:29,210 | INFO | Game 109 | Score: 27 | Record: 31
2025-12-08 22:04:29,211 | INFO | Mean Score: 5.706422018348624
2025-12-08 22:04:39,158 | INFO | Game 110 | Score: 9 | Record: 31
2025-12-08 22:04:39,158 | INFO | Mean Score: 5.736363636363636
2025-12-08 22:04:40,929 | INFO | Game 111 | Score: 1 | Record: 31
2025-12-08 22:04:40,929 | INFO | Mean Score: 5.693693693693693
2025-12-08 22:04:50,924 | INFO | Game 112 | Score: 9 | Record: 31
2025-12-08 22:04:50,925 | INFO | Mean Score: 5.723214285714286
2025-12-08 22:04:51,693 | INFO | Game 113 | Score: 0 | Record: 31
2025-12-08 22:04:51,693 | INFO | Mean Score: 5.672566371681416
2025-12-08 22:04:55,538 | INFO | Game 114 | Score: 3 | Record: 31
2025-12-08 22:04:55,538 | INFO | Mean Score: 5.649122807017544
2025-12-08 22:05:00,717 | INFO | Game 115 | Score: 4 | Record: 31
2025-12-08 22:05:00,717 | INFO | Mean Score: 5.6347826086956525
2025-12-08 22:05:16,824 | INFO | Game 116 | Score: 15 | Record: 31
2025-12-08 22:05:16,824 | INFO | Mean Score: 5.7155172413793105
2025-12-08 22:05:51,371 | INFO | Game 117 | Score: 33 | Record: 33
2025-12-08 22:05:51,371 | INFO | Mean Score: 5.948717948717949
2025-12-08 22:05:54,161 | INFO | Game 118 | Score: 2 | Record: 33
2025-12-08 22:05:54,162 | INFO | Mean Score: 5.915254237288136
2025-12-08 22:05:58,999 | INFO | Game 119 | Score: 4 | Record: 33
2025-12-08 22:05:58,999 | INFO | Mean Score: 5.899159663865547
2025-12-08 22:05:59,829 | INFO | Game 120 | Score: 0 | Record: 33
2025-12-08 22:05:59,829 | INFO | Mean Score: 5.85
2025-12-08 22:06:00,980 | INFO | Game 121 | Score: 0 | Record: 33
2025-12-08 22:06:00,980 | INFO | Mean Score: 5.801652892561983
2025-12-08 22:06:02,780 | INFO | Game 122 | Score: 1 | Record: 33
2025-12-08 22:06:02,780 | INFO | Mean Score: 5.762295081967213
2025-12-08 22:06:08,737 | INFO | Game 123 | Score: 5 | Record: 33
2025-12-08 22:06:08,737 | INFO | Mean Score: 5.7560975609756095
2025-12-08 22:06:20,756 | INFO | Game 124 | Score: 11 | Record: 33
2025-12-08 22:06:20,756 | INFO | Mean Score: 5.798387096774194
2025-12-08 22:06:22,539 | INFO | Game 125 | Score: 1 | Record: 33
2025-12-08 22:06:22,539 | INFO | Mean Score: 5.76
2025-12-08 22:06:43,711 | INFO | Game 126 | Score: 20 | Record: 33
2025-12-08 22:06:43,712 | INFO | Mean Score: 5.873015873015873
2025-12-08 22:06:47,546 | INFO | Game 127 | Score: 3 | Record: 33
2025-12-08 22:06:47,546 | INFO | Mean Score: 5.850393700787402
2025-12-08 22:07:00,587 | INFO | Game 128 | Score: 12 | Record: 33
2025-12-08 22:07:00,587 | INFO | Mean Score: 5.8984375
2025-12-08 22:07:12,623 | INFO | Game 129 | Score: 11 | Record: 33
2025-12-08 22:07:12,623 | INFO | Mean Score: 5.937984496124031
2025-12-08 22:07:30,801 | INFO | Game 130 | Score: 17 | Record: 33
2025-12-08 22:07:30,801 | INFO | Mean Score: 6.023076923076923
2025-12-08 22:07:33,595 | INFO | Game 131 | Score: 2 | Record: 33
2025-12-08 22:07:33,595 | INFO | Mean Score: 5.99236641221374
2025-12-08 22:07:49,959 | INFO | Game 132 | Score: 15 | Record: 33
2025-12-08 22:07:49,959 | INFO | Mean Score: 6.0606060606060606
2025-12-08 22:07:53,979 | INFO | Game 133 | Score: 3 | Record: 33
2025-12-08 22:07:53,979 | INFO | Mean Score: 6.037593984962406
2025-12-08 22:07:54,803 | INFO | Game 134 | Score: 0 | Record: 33
2025-12-08 22:07:54,804 | INFO | Mean Score: 5.992537313432836
2025-12-08 22:08:04,793 | INFO | Game 135 | Score: 9 | Record: 33
2025-12-08 22:08:04,793 | INFO | Mean Score: 6.014814814814815
2025-12-08 22:08:10,598 | INFO | Game 136 | Score: 5 | Record: 33
2025-12-08 22:08:10,598 | INFO | Mean Score: 6.007352941176471
2025-12-08 22:08:17,563 | INFO | Game 137 | Score: 6 | Record: 33
2025-12-08 22:08:17,563 | INFO | Mean Score: 6.007299270072993
2025-12-08 22:08:19,357 | INFO | Game 138 | Score: 1 | Record: 33
2025-12-08 22:08:19,357 | INFO | Mean Score: 5.971014492753623
2025-12-08 22:08:34,394 | INFO | Game 139 | Score: 14 | Record: 33
2025-12-08 22:08:34,394 | INFO | Mean Score: 6.028776978417266
2025-12-08 22:08:42,369 | INFO | Game 140 | Score: 7 | Record: 33
2025-12-08 22:08:42,369 | INFO | Mean Score: 6.035714285714286
2025-12-08 22:08:48,258 | INFO | Game 141 | Score: 5 | Record: 33
2025-12-08 22:08:48,259 | INFO | Mean Score: 6.028368794326241
2025-12-08 22:08:50,021 | INFO | Game 142 | Score: 1 | Record: 33
2025-12-08 22:08:50,022 | INFO | Mean Score: 5.992957746478873
2025-12-08 22:09:06,110 | INFO | Game 143 | Score: 15 | Record: 33
2025-12-08 22:09:06,110 | INFO | Mean Score: 6.055944055944056
2025-12-08 22:09:11,916 | INFO | Game 144 | Score: 5 | Record: 33
2025-12-08 22:09:11,917 | INFO | Mean Score: 6.048611111111111
2025-12-08 22:09:17,049 | INFO | Game 145 | Score: 4 | Record: 33
2025-12-08 22:09:17,049 | INFO | Mean Score: 6.0344827586206895
2025-12-08 22:09:25,000 | INFO | Game 146 | Score: 7 | Record: 33
2025-12-08 22:09:25,000 | INFO | Mean Score: 6.041095890410959
2025-12-08 22:09:28,089 | INFO | Game 147 | Score: 2 | Record: 33
2025-12-08 22:09:28,089 | INFO | Mean Score: 6.01360544217687
2025-12-08 22:09:35,034 | INFO | Game 148 | Score: 6 | Record: 33
2025-12-08 22:09:35,035 | INFO | Mean Score: 6.013513513513513
2025-12-08 22:09:40,235 | INFO | Game 149 | Score: 4 | Record: 33
2025-12-08 22:09:40,235 | INFO | Mean Score: 6.0
2025-12-08 22:09:58,365 | INFO | Game 150 | Score: 17 | Record: 33
2025-12-08 22:09:58,365 | INFO | Mean Score: 6.073333333333333
2025-12-08 22:09:58,487 | INFO | ----- Last 50 Games Summary -----
2025-12-08 22:09:58,487 | INFO | Mean score: 7.6
2025-12-08 22:09:58,487 | INFO | Zero-score games: 4
2025-12-08 22:09:58,487 | INFO | Memory size: 25657
2025-12-08 22:09:58,488 | INFO | ---------------------------------
2025-12-08 22:10:03,224 | INFO | Game 151 | Score: 4 | Record: 33
2025-12-08 22:10:03,224 | INFO | Mean Score: 6.059602649006623
2025-12-08 22:10:06,106 | INFO | Game 152 | Score: 2 | Record: 33
2025-12-08 22:10:06,106 | INFO | Mean Score: 6.032894736842105
2025-12-08 22:10:09,904 | INFO | Game 153 | Score: 3 | Record: 33
2025-12-08 22:10:09,904 | INFO | Mean Score: 6.0130718954248366
2025-12-08 22:10:30,340 | INFO | Game 154 | Score: 19 | Record: 33
2025-12-08 22:10:30,340 | INFO | Mean Score: 6.097402597402597
2025-12-08 22:10:33,116 | INFO | Game 155 | Score: 2 | Record: 33
2025-12-08 22:10:33,116 | INFO | Mean Score: 6.070967741935484
2025-12-08 22:10:42,353 | INFO | Game 156 | Score: 8 | Record: 33
2025-12-08 22:10:42,353 | INFO | Mean Score: 6.083333333333333
2025-12-08 22:10:48,227 | INFO | Game 157 | Score: 5 | Record: 33
2025-12-08 22:10:48,227 | INFO | Mean Score: 6.076433121019108
2025-12-08 22:10:53,356 | INFO | Game 158 | Score: 4 | Record: 33
2025-12-08 22:10:53,357 | INFO | Mean Score: 6.063291139240507
2025-12-08 22:10:54,503 | INFO | Game 159 | Score: 0 | Record: 33
2025-12-08 22:10:54,503 | INFO | Mean Score: 6.0251572327044025
2025-12-08 22:11:06,769 | INFO | Game 160 | Score: 11 | Record: 33
2025-12-08 22:11:06,769 | INFO | Mean Score: 6.05625
2025-12-08 22:11:18,122 | INFO | Game 161 | Score: 10 | Record: 33
2025-12-08 22:11:18,122 | INFO | Mean Score: 6.080745341614906
2025-12-08 22:11:22,015 | INFO | Game 162 | Score: 3 | Record: 33
2025-12-08 22:11:22,015 | INFO | Mean Score: 6.061728395061729
2025-12-08 22:11:28,941 | INFO | Game 163 | Score: 6 | Record: 33
2025-12-08 22:11:28,941 | INFO | Mean Score: 6.061349693251533
2025-12-08 22:11:32,282 | INFO | Game 164 | Score: 2 | Record: 33
2025-12-08 22:11:32,282 | INFO | Mean Score: 6.036585365853658
2025-12-08 22:11:33,083 | INFO | Game 165 | Score: 0 | Record: 33
2025-12-08 22:11:33,083 | INFO | Mean Score: 6.0
2025-12-08 22:11:35,861 | INFO | Game 166 | Score: 2 | Record: 33
2025-12-08 22:11:35,861 | INFO | Mean Score: 5.975903614457831
2025-12-08 22:11:37,643 | INFO | Game 167 | Score: 1 | Record: 33
2025-12-08 22:11:37,644 | INFO | Mean Score: 5.946107784431137
2025-12-08 22:11:39,431 | INFO | Game 168 | Score: 1 | Record: 33
2025-12-08 22:11:39,431 | INFO | Mean Score: 5.916666666666667
2025-12-08 22:12:07,058 | INFO | Game 169 | Score: 26 | Record: 33
2025-12-08 22:12:07,058 | INFO | Mean Score: 6.035502958579881
2025-12-08 22:12:38,498 | INFO | Game 170 | Score: 30 | Record: 33
2025-12-08 22:12:38,498 | INFO | Mean Score: 6.176470588235294
2025-12-08 22:12:45,410 | INFO | Game 171 | Score: 6 | Record: 33
2025-12-08 22:12:45,410 | INFO | Mean Score: 6.175438596491228
2025-12-08 22:12:53,337 | INFO | Game 172 | Score: 7 | Record: 33
2025-12-08 22:12:53,337 | INFO | Mean Score: 6.180232558139535
2025-12-08 22:13:21,742 | INFO | Game 173 | Score: 27 | Record: 33
2025-12-08 22:13:21,742 | INFO | Mean Score: 6.300578034682081
2025-12-08 22:13:23,503 | INFO | Game 174 | Score: 1 | Record: 33
2025-12-08 22:13:23,503 | INFO | Mean Score: 6.2701149425287355
2025-12-08 22:13:30,416 | INFO | Game 175 | Score: 6 | Record: 33
2025-12-08 22:13:30,417 | INFO | Mean Score: 6.268571428571429
2025-12-08 22:13:31,645 | INFO | Game 176 | Score: 0 | Record: 33
2025-12-08 22:13:31,645 | INFO | Mean Score: 6.232954545454546
2025-12-08 22:13:33,513 | INFO | Game 177 | Score: 1 | Record: 33
2025-12-08 22:13:33,514 | INFO | Mean Score: 6.203389830508475
2025-12-08 22:13:45,510 | INFO | Game 178 | Score: 11 | Record: 33
2025-12-08 22:13:45,510 | INFO | Mean Score: 6.230337078651686
2025-12-08 22:13:53,461 | INFO | Game 179 | Score: 7 | Record: 33
2025-12-08 22:13:53,462 | INFO | Mean Score: 6.23463687150838
2025-12-08 22:14:12,716 | INFO | Game 180 | Score: 18 | Record: 33
2025-12-08 22:14:12,716 | INFO | Mean Score: 6.3
2025-12-08 22:14:16,515 | INFO | Game 181 | Score: 3 | Record: 33
2025-12-08 22:14:16,516 | INFO | Mean Score: 6.281767955801105
2025-12-08 22:14:25,475 | INFO | Game 182 | Score: 8 | Record: 33
2025-12-08 22:14:25,475 | INFO | Mean Score: 6.291208791208791
2025-12-08 22:14:29,333 | INFO | Game 183 | Score: 3 | Record: 33
2025-12-08 22:14:29,333 | INFO | Mean Score: 6.273224043715847
2025-12-08 22:14:31,118 | INFO | Game 184 | Score: 1 | Record: 33
2025-12-08 22:14:31,118 | INFO | Mean Score: 6.244565217391305
2025-12-08 22:14:37,116 | INFO | Game 185 | Score: 5 | Record: 33
2025-12-08 22:14:37,117 | INFO | Mean Score: 6.237837837837838
2025-12-08 22:14:38,901 | INFO | Game 186 | Score: 1 | Record: 33
2025-12-08 22:14:38,901 | INFO | Mean Score: 6.209677419354839
2025-12-08 22:14:41,692 | INFO | Game 187 | Score: 2 | Record: 33
2025-12-08 22:14:41,692 | INFO | Mean Score: 6.18716577540107
2025-12-08 22:14:44,801 | INFO | Game 188 | Score: 2 | Record: 33
2025-12-08 22:14:44,801 | INFO | Mean Score: 6.164893617021277
2025-12-08 22:15:03,027 | INFO | Game 189 | Score: 17 | Record: 33
2025-12-08 22:15:03,027 | INFO | Mean Score: 6.222222222222222
2025-12-08 22:15:03,809 | INFO | Game 190 | Score: 0 | Record: 33
2025-12-08 22:15:03,809 | INFO | Mean Score: 6.189473684210526
2025-12-08 22:15:13,766 | INFO | Game 191 | Score: 9 | Record: 33
2025-12-08 22:15:13,766 | INFO | Mean Score: 6.204188481675392
2025-12-08 22:15:17,654 | INFO | Game 192 | Score: 3 | Record: 33
2025-12-08 22:15:17,654 | INFO | Mean Score: 6.1875
2025-12-08 22:15:34,103 | INFO | Game 193 | Score: 15 | Record: 33
2025-12-08 22:15:34,103 | INFO | Mean Score: 6.233160621761658
2025-12-08 22:15:44,126 | INFO | Game 194 | Score: 9 | Record: 33
2025-12-08 22:15:44,126 | INFO | Mean Score: 6.247422680412371
2025-12-08 22:15:45,011 | INFO | Game 195 | Score: 0 | Record: 33
2025-12-08 22:15:45,011 | INFO | Mean Score: 6.2153846153846155
2025-12-08 22:16:34,204 | INFO | Game 196 | Score: 47 | Record: 47
2025-12-08 22:16:34,204 | INFO | Mean Score: 6.423469387755102
2025-12-08 22:16:38,159 | INFO | Game 197 | Score: 3 | Record: 47
2025-12-08 22:16:38,159 | INFO | Mean Score: 6.406091370558376
2025-12-08 22:16:40,932 | INFO | Game 198 | Score: 2 | Record: 47
2025-12-08 22:16:40,932 | INFO | Mean Score: 6.383838383838384
2025-12-08 22:16:47,156 | INFO | Game 199 | Score: 5 | Record: 47
2025-12-08 22:16:47,156 | INFO | Mean Score: 6.376884422110553
2025-12-08 22:16:51,017 | INFO | Game 200 | Score: 3 | Record: 47
2025-12-08 22:16:51,017 | INFO | Mean Score: 6.36
2025-12-08 22:16:51,136 | INFO | ----- Last 50 Games Summary -----
2025-12-08 22:16:51,137 | INFO | Mean score: 7.22
2025-12-08 22:16:51,137 | INFO | Zero-score games: 5
2025-12-08 22:16:51,137 | INFO | Memory size: 35746
2025-12-08 22:16:51,137 | INFO | ---------------------------------
2025-12-08 22:16:53,854 | INFO | Game 201 | Score: 2 | Record: 47
2025-12-08 22:16:53,854 | INFO | Mean Score: 6.338308457711443
2025-12-08 22:17:21,145 | INFO | Game 202 | Score: 26 | Record: 47
2025-12-08 22:17:21,145 | INFO | Mean Score: 6.435643564356436
2025-12-08 22:17:21,902 | INFO | Game 203 | Score: 0 | Record: 47
2025-12-08 22:17:21,902 | INFO | Mean Score: 6.403940886699507
2025-12-08 22:17:22,886 | INFO | Game 204 | Score: 0 | Record: 47
2025-12-08 22:17:22,886 | INFO | Mean Score: 6.372549019607843
2025-12-08 22:17:43,109 | INFO | Game 205 | Score: 19 | Record: 47
2025-12-08 22:17:43,109 | INFO | Mean Score: 6.434146341463415
2025-12-08 22:17:48,305 | INFO | Game 206 | Score: 4 | Record: 47
2025-12-08 22:17:48,305 | INFO | Mean Score: 6.422330097087379
2025-12-08 22:18:02,413 | INFO | Game 207 | Score: 13 | Record: 47
2025-12-08 22:18:02,413 | INFO | Mean Score: 6.454106280193237
2025-12-08 22:18:10,315 | INFO | Game 208 | Score: 7 | Record: 47
2025-12-08 22:18:10,315 | INFO | Mean Score: 6.456730769230769
2025-12-08 22:18:13,381 | INFO | Game 209 | Score: 2 | Record: 47
2025-12-08 22:18:13,381 | INFO | Mean Score: 6.435406698564593
2025-12-08 22:18:18,254 | INFO | Game 210 | Score: 4 | Record: 47
2025-12-08 22:18:18,254 | INFO | Mean Score: 6.423809523809524
2025-12-08 22:18:18,999 | INFO | Game 211 | Score: 0 | Record: 47
2025-12-08 22:18:18,999 | INFO | Mean Score: 6.393364928909953
2025-12-08 22:18:24,125 | INFO | Game 212 | Score: 4 | Record: 47
2025-12-08 22:18:24,125 | INFO | Mean Score: 6.382075471698113
2025-12-08 22:18:37,505 | INFO | Game 213 | Score: 12 | Record: 47
2025-12-08 22:18:37,505 | INFO | Mean Score: 6.408450704225352
2025-12-08 22:18:57,695 | INFO | Game 214 | Score: 19 | Record: 47
2025-12-08 22:18:57,695 | INFO | Mean Score: 6.4672897196261685
2025-12-08 22:19:46,487 | INFO | Game 215 | Score: 47 | Record: 47
2025-12-08 22:19:46,488 | INFO | Mean Score: 6.655813953488372
2025-12-08 22:19:49,553 | INFO | Game 216 | Score: 2 | Record: 47
2025-12-08 22:19:49,554 | INFO | Mean Score: 6.6342592592592595
2025-12-08 22:19:50,680 | INFO | Game 217 | Score: 0 | Record: 47
2025-12-08 22:19:50,680 | INFO | Mean Score: 6.6036866359447
2025-12-08 22:19:58,555 | INFO | Game 218 | Score: 7 | Record: 47
2025-12-08 22:19:58,555 | INFO | Mean Score: 6.605504587155964
2025-12-08 22:20:06,405 | INFO | Game 219 | Score: 7 | Record: 47
2025-12-08 22:20:06,405 | INFO | Mean Score: 6.607305936073059
2025-12-08 22:20:34,867 | INFO | Game 220 | Score: 27 | Record: 47
2025-12-08 22:20:34,867 | INFO | Mean Score: 6.7
2025-12-08 22:20:38,390 | INFO | Game 221 | Score: 2 | Record: 47
2025-12-08 22:20:38,390 | INFO | Mean Score: 6.678733031674208
2025-12-08 22:20:52,507 | INFO | Game 222 | Score: 13 | Record: 47
2025-12-08 22:20:52,507 | INFO | Mean Score: 6.707207207207207
2025-12-08 22:20:57,358 | INFO | Game 223 | Score: 4 | Record: 47
2025-12-08 22:20:57,358 | INFO | Mean Score: 6.695067264573991
2025-12-08 22:20:59,105 | INFO | Game 224 | Score: 1 | Record: 47
2025-12-08 22:20:59,105 | INFO | Mean Score: 6.669642857142857
2025-12-08 22:21:26,893 | INFO | Game 225 | Score: 26 | Record: 47
2025-12-08 22:21:26,893 | INFO | Mean Score: 6.7555555555555555
2025-12-08 22:21:28,728 | INFO | Game 226 | Score: 1 | Record: 47
2025-12-08 22:21:28,728 | INFO | Mean Score: 6.730088495575221
2025-12-08 22:21:33,562 | INFO | Game 227 | Score: 4 | Record: 47
2025-12-08 22:21:33,562 | INFO | Mean Score: 6.71806167400881
2025-12-08 22:21:37,375 | INFO | Game 228 | Score: 3 | Record: 47
2025-12-08 22:21:37,376 | INFO | Mean Score: 6.701754385964913
2025-12-08 22:21:43,219 | INFO | Game 229 | Score: 5 | Record: 47
2025-12-08 22:21:43,220 | INFO | Mean Score: 6.6943231441048034
2025-12-08 22:21:52,433 | INFO | Game 230 | Score: 8 | Record: 47
2025-12-08 22:21:52,433 | INFO | Mean Score: 6.7
2025-12-08 22:21:56,196 | INFO | Game 231 | Score: 3 | Record: 47
2025-12-08 22:21:56,196 | INFO | Mean Score: 6.683982683982684
2025-12-08 22:22:13,317 | INFO | Game 232 | Score: 16 | Record: 47
2025-12-08 22:22:13,317 | INFO | Mean Score: 6.724137931034483
2025-12-08 22:22:49,787 | INFO | Game 233 | Score: 35 | Record: 47
2025-12-08 22:22:49,787 | INFO | Mean Score: 6.84549356223176
2025-12-08 22:23:07,899 | INFO | Game 234 | Score: 17 | Record: 47
2025-12-08 22:23:07,899 | INFO | Mean Score: 6.888888888888889
2025-12-08 22:23:12,745 | INFO | Game 235 | Score: 4 | Record: 47
2025-12-08 22:23:12,745 | INFO | Mean Score: 6.876595744680851
2025-12-08 22:23:21,713 | INFO | Game 236 | Score: 8 | Record: 47
2025-12-08 22:23:21,713 | INFO | Mean Score: 6.88135593220339
2025-12-08 22:23:35,799 | INFO | Game 237 | Score: 13 | Record: 47
2025-12-08 22:23:35,800 | INFO | Mean Score: 6.9071729957805905
2025-12-08 22:23:37,526 | INFO | Game 238 | Score: 1 | Record: 47
2025-12-08 22:23:37,527 | INFO | Mean Score: 6.882352941176471
2025-12-08 22:23:49,445 | INFO | Game 239 | Score: 11 | Record: 47
2025-12-08 22:23:49,445 | INFO | Mean Score: 6.899581589958159
2025-12-08 22:24:10,573 | INFO | Game 240 | Score: 20 | Record: 47
2025-12-08 22:24:10,573 | INFO | Mean Score: 6.954166666666667
2025-12-08 22:24:18,775 | INFO | Game 241 | Score: 7 | Record: 47
2025-12-08 22:24:18,775 | INFO | Mean Score: 6.954356846473029
2025-12-08 22:24:44,984 | INFO | Game 242 | Score: 25 | Record: 47
2025-12-08 22:24:44,984 | INFO | Mean Score: 7.028925619834711
2025-12-08 22:25:27,520 | INFO | Game 243 | Score: 41 | Record: 47
2025-12-08 22:25:27,520 | INFO | Mean Score: 7.1687242798353905
2025-12-08 22:25:37,494 | INFO | Game 244 | Score: 9 | Record: 47
2025-12-08 22:25:37,494 | INFO | Mean Score: 7.176229508196721
2025-12-08 22:25:40,303 | INFO | Game 245 | Score: 2 | Record: 47
2025-12-08 22:25:40,303 | INFO | Mean Score: 7.155102040816327
2025-12-08 22:26:32,590 | INFO | Game 246 | Score: 50 | Record: 50
2025-12-08 22:26:32,590 | INFO | Mean Score: 7.329268292682927
2025-12-08 22:26:50,762 | INFO | Game 247 | Score: 17 | Record: 50
2025-12-08 22:26:50,762 | INFO | Mean Score: 7.368421052631579
2025-12-08 22:26:51,538 | INFO | Game 248 | Score: 0 | Record: 50
2025-12-08 22:26:51,538 | INFO | Mean Score: 7.338709677419355
2025-12-08 22:26:59,494 | INFO | Game 249 | Score: 7 | Record: 50
2025-12-08 22:26:59,494 | INFO | Mean Score: 7.337349397590361
2025-12-08 22:27:01,256 | INFO | Game 250 | Score: 1 | Record: 50
2025-12-08 22:27:01,257 | INFO | Mean Score: 7.312
2025-12-08 22:27:01,379 | INFO | ----- Last 50 Games Summary -----
2025-12-08 22:27:01,379 | INFO | Mean score: 11.12
2025-12-08 22:27:01,379 | INFO | Zero-score games: 5
2025-12-08 22:27:01,379 | INFO | Memory size: 40000
2025-12-08 22:27:01,379 | INFO | ---------------------------------
2025-12-08 22:27:06,105 | INFO | Game 251 | Score: 4 | Record: 50
2025-12-08 22:27:06,106 | INFO | Mean Score: 7.298804780876494
2025-12-08 22:27:30,330 | INFO | Game 252 | Score: 23 | Record: 50
2025-12-08 22:27:30,331 | INFO | Mean Score: 7.361111111111111
2025-12-08 22:27:33,490 | INFO | Game 253 | Score: 2 | Record: 50
2025-12-08 22:27:33,490 | INFO | Mean Score: 7.339920948616601
2025-12-08 22:27:38,414 | INFO | Game 254 | Score: 4 | Record: 50
2025-12-08 22:27:38,414 | INFO | Mean Score: 7.326771653543307
2025-12-08 22:27:44,563 | INFO | Game 255 | Score: 5 | Record: 50
2025-12-08 22:27:44,563 | INFO | Mean Score: 7.317647058823529
2025-12-08 22:27:54,575 | INFO | Game 256 | Score: 9 | Record: 50
2025-12-08 22:27:54,575 | INFO | Mean Score: 7.32421875
2025-12-08 22:28:06,579 | INFO | Game 257 | Score: 11 | Record: 50
2025-12-08 22:28:06,580 | INFO | Mean Score: 7.33852140077821
2025-12-08 22:29:13,000 | INFO | Game 258 | Score: 64 | Record: 64
2025-12-08 22:29:13,000 | INFO | Mean Score: 7.558139534883721
2025-12-08 22:29:13,771 | INFO | Game 259 | Score: 0 | Record: 64
2025-12-08 22:29:13,771 | INFO | Mean Score: 7.528957528957529
2025-12-08 22:29:51,205 | INFO | Game 260 | Score: 36 | Record: 64
2025-12-08 22:29:51,206 | INFO | Mean Score: 7.638461538461539
2025-12-08 22:30:13,401 | INFO | Game 261 | Score: 21 | Record: 64
2025-12-08 22:30:13,401 | INFO | Mean Score: 7.689655172413793
2025-12-08 22:30:23,574 | INFO | Game 262 | Score: 9 | Record: 64
2025-12-08 22:30:23,575 | INFO | Mean Score: 7.694656488549619
2025-12-08 22:30:33,536 | INFO | Game 263 | Score: 9 | Record: 64
2025-12-08 22:30:33,536 | INFO | Mean Score: 7.699619771863118
2025-12-08 22:30:47,834 | INFO | Game 264 | Score: 13 | Record: 64
2025-12-08 22:30:47,834 | INFO | Mean Score: 7.71969696969697
2025-12-08 22:31:05,130 | INFO | Game 265 | Score: 16 | Record: 64
2025-12-08 22:31:05,130 | INFO | Mean Score: 7.750943396226415
2025-12-08 22:31:16,154 | INFO | Game 266 | Score: 10 | Record: 64
2025-12-08 22:31:16,154 | INFO | Mean Score: 7.7593984962406015
2025-12-08 22:31:17,908 | INFO | Game 267 | Score: 1 | Record: 64
2025-12-08 22:31:17,908 | INFO | Mean Score: 7.734082397003745
2025-12-08 22:31:21,752 | INFO | Game 268 | Score: 3 | Record: 64
2025-12-08 22:31:21,752 | INFO | Mean Score: 7.7164179104477615
2025-12-08 22:31:27,682 | INFO | Game 269 | Score: 5 | Record: 64
2025-12-08 22:31:27,682 | INFO | Mean Score: 7.70631970260223
2025-12-08 22:31:37,863 | INFO | Game 270 | Score: 9 | Record: 64
2025-12-08 22:31:37,864 | INFO | Mean Score: 7.711111111111111
2025-12-08 22:31:51,885 | INFO | Game 271 | Score: 13 | Record: 64
2025-12-08 22:31:51,885 | INFO | Mean Score: 7.730627306273063
2025-12-08 22:31:55,716 | INFO | Game 272 | Score: 3 | Record: 64
2025-12-08 22:31:55,716 | INFO | Mean Score: 7.713235294117647
2025-12-08 22:32:30,164 | INFO | Game 273 | Score: 33 | Record: 64
2025-12-08 22:32:30,164 | INFO | Mean Score: 7.805860805860806
2025-12-08 22:32:35,035 | INFO | Game 274 | Score: 4 | Record: 64
2025-12-08 22:32:35,035 | INFO | Mean Score: 7.791970802919708
2025-12-08 22:32:48,088 | INFO | Game 275 | Score: 12 | Record: 64
2025-12-08 22:32:48,089 | INFO | Mean Score: 7.807272727272728
2025-12-08 22:33:25,787 | INFO | Game 276 | Score: 36 | Record: 64
2025-12-08 22:33:25,787 | INFO | Mean Score: 7.909420289855072
2025-12-08 22:34:24,731 | INFO | Game 277 | Score: 57 | Record: 64
2025-12-08 22:34:24,731 | INFO | Mean Score: 8.086642599277978
2025-12-08 22:34:33,608 | INFO | Game 278 | Score: 8 | Record: 64
2025-12-08 22:34:33,608 | INFO | Mean Score: 8.086330935251798
2025-12-08 22:34:50,734 | INFO | Game 279 | Score: 16 | Record: 64
2025-12-08 22:34:50,734 | INFO | Mean Score: 8.114695340501791
2025-12-08 22:34:56,622 | INFO | Game 280 | Score: 5 | Record: 64
2025-12-08 22:34:56,623 | INFO | Mean Score: 8.103571428571428
2025-12-08 22:35:00,423 | INFO | Game 281 | Score: 3 | Record: 64
2025-12-08 22:35:00,424 | INFO | Mean Score: 8.08540925266904
2025-12-08 22:35:08,300 | INFO | Game 282 | Score: 7 | Record: 64
2025-12-08 22:35:08,301 | INFO | Mean Score: 8.081560283687944
2025-12-08 22:35:21,342 | INFO | Game 283 | Score: 12 | Record: 64
2025-12-08 22:35:21,342 | INFO | Mean Score: 8.095406360424029
2025-12-08 22:35:28,565 | INFO | Game 284 | Score: 6 | Record: 64
2025-12-08 22:35:28,566 | INFO | Mean Score: 8.088028169014084
2025-12-08 22:35:30,393 | INFO | Game 285 | Score: 1 | Record: 64
2025-12-08 22:35:30,393 | INFO | Mean Score: 8.063157894736841
2025-12-08 22:35:42,432 | INFO | Game 286 | Score: 11 | Record: 64
2025-12-08 22:35:42,432 | INFO | Mean Score: 8.073426573426573
2025-12-08 22:36:17,140 | INFO | Game 287 | Score: 33 | Record: 64
2025-12-08 22:36:17,140 | INFO | Mean Score: 8.160278745644598
2025-12-08 22:36:27,062 | INFO | Game 288 | Score: 9 | Record: 64
2025-12-08 22:36:27,062 | INFO | Mean Score: 8.163194444444445
2025-12-08 22:36:36,009 | INFO | Game 289 | Score: 8 | Record: 64
2025-12-08 22:36:36,009 | INFO | Mean Score: 8.162629757785467
2025-12-08 22:37:52,513 | INFO | Game 290 | Score: 74 | Record: 74
2025-12-08 22:37:52,514 | INFO | Mean Score: 8.389655172413793
2025-12-08 22:37:54,593 | INFO | Game 291 | Score: 1 | Record: 74
2025-12-08 22:37:54,593 | INFO | Mean Score: 8.36426116838488
2025-12-08 22:38:10,658 | INFO | Game 292 | Score: 15 | Record: 74
2025-12-08 22:38:10,658 | INFO | Mean Score: 8.386986301369863
2025-12-08 22:38:48,524 | INFO | Game 293 | Score: 36 | Record: 74
2025-12-08 22:38:48,524 | INFO | Mean Score: 8.481228668941979
2025-12-08 22:38:49,339 | INFO | Game 294 | Score: 0 | Record: 74
2025-12-08 22:38:49,339 | INFO | Mean Score: 8.452380952380953
2025-12-08 22:38:57,282 | INFO | Game 295 | Score: 7 | Record: 74
2025-12-08 22:38:57,282 | INFO | Mean Score: 8.447457627118643
2025-12-08 22:39:15,365 | INFO | Game 296 | Score: 17 | Record: 74
2025-12-08 22:39:15,365 | INFO | Mean Score: 8.47635135135135
2025-12-08 22:39:23,312 | INFO | Game 297 | Score: 7 | Record: 74
2025-12-08 22:39:23,312 | INFO | Mean Score: 8.47138047138047
2025-12-08 22:39:33,378 | INFO | Game 298 | Score: 9 | Record: 74
2025-12-08 22:39:33,378 | INFO | Mean Score: 8.473154362416107
2025-12-08 22:39:56,982 | INFO | Game 299 | Score: 22 | Record: 74
2025-12-08 22:39:56,982 | INFO | Mean Score: 8.518394648829432
2025-12-08 22:40:00,913 | INFO | Game 300 | Score: 3 | Record: 74
2025-12-08 22:40:00,913 | INFO | Mean Score: 8.5
2025-12-08 22:40:01,047 | INFO | ----- Last 50 Games Summary -----
2025-12-08 22:40:01,048 | INFO | Mean score: 14.44
2025-12-08 22:40:01,048 | INFO | Zero-score games: 2
2025-12-08 22:40:01,048 | INFO | Memory size: 40000
2025-12-08 22:40:01,048 | INFO | ---------------------------------
2025-12-08 22:40:02,710 | INFO | Game 301 | Score: 1 | Record: 74
2025-12-08 22:40:02,710 | INFO | Mean Score: 8.475083056478406
2025-12-08 22:40:16,873 | INFO | Game 302 | Score: 13 | Record: 74
2025-12-08 22:40:16,874 | INFO | Mean Score: 8.490066225165563
2025-12-08 22:40:22,698 | INFO | Game 303 | Score: 5 | Record: 74
2025-12-08 22:40:22,698 | INFO | Mean Score: 8.478547854785479
2025-12-08 22:40:31,696 | INFO | Game 304 | Score: 8 | Record: 74
2025-12-08 22:40:31,696 | INFO | Mean Score: 8.476973684210526
2025-12-08 22:41:53,249 | INFO | Game 305 | Score: 79 | Record: 79
2025-12-08 22:41:53,249 | INFO | Mean Score: 8.708196721311475
2025-12-08 22:41:59,353 | INFO | Game 306 | Score: 5 | Record: 79
2025-12-08 22:41:59,353 | INFO | Mean Score: 8.696078431372548
2025-12-08 22:42:27,787 | INFO | Game 307 | Score: 27 | Record: 79
2025-12-08 22:42:27,787 | INFO | Mean Score: 8.7557003257329
2025-12-08 22:42:32,705 | INFO | Game 308 | Score: 4 | Record: 79
2025-12-08 22:42:32,705 | INFO | Mean Score: 8.74025974025974
2025-12-08 22:42:52,865 | INFO | Game 309 | Score: 19 | Record: 79
2025-12-08 22:42:52,865 | INFO | Mean Score: 8.77346278317152
2025-12-08 22:43:02,874 | INFO | Game 310 | Score: 9 | Record: 79
2025-12-08 22:43:02,874 | INFO | Mean Score: 8.774193548387096
2025-12-08 22:43:04,655 | INFO | Game 311 | Score: 1 | Record: 79
2025-12-08 22:43:04,655 | INFO | Mean Score: 8.7491961414791
2025-12-08 22:43:24,950 | INFO | Game 312 | Score: 19 | Record: 79
2025-12-08 22:43:24,950 | INFO | Mean Score: 8.782051282051283
2025-12-08 22:43:58,466 | INFO | Game 313 | Score: 32 | Record: 79
2025-12-08 22:43:58,466 | INFO | Mean Score: 8.856230031948881
2025-12-08 22:44:06,431 | INFO | Game 314 | Score: 7 | Record: 79
2025-12-08 22:44:06,431 | INFO | Mean Score: 8.85031847133758
2025-12-08 22:44:54,141 | INFO | Game 315 | Score: 46 | Record: 79
2025-12-08 22:44:54,142 | INFO | Mean Score: 8.968253968253968
2025-12-08 22:44:57,005 | INFO | Game 316 | Score: 2 | Record: 79
2025-12-08 22:44:57,005 | INFO | Mean Score: 8.94620253164557
2025-12-08 22:45:01,192 | INFO | Game 317 | Score: 3 | Record: 79
2025-12-08 22:45:01,192 | INFO | Mean Score: 8.927444794952681
2025-12-08 22:46:30,183 | INFO | Game 318 | Score: 86 | Record: 86
2025-12-08 22:46:30,183 | INFO | Mean Score: 9.169811320754716
2025-12-08 22:46:57,544 | INFO | Game 319 | Score: 26 | Record: 86
2025-12-08 22:46:57,545 | INFO | Mean Score: 9.22257053291536
2025-12-08 22:47:02,687 | INFO | Game 320 | Score: 4 | Record: 86
2025-12-08 22:47:02,687 | INFO | Mean Score: 9.20625
2025-12-08 22:47:09,638 | INFO | Game 321 | Score: 6 | Record: 86
2025-12-08 22:47:09,639 | INFO | Mean Score: 9.19626168224299
2025-12-08 22:47:17,593 | INFO | Game 322 | Score: 7 | Record: 86
2025-12-08 22:47:17,593 | INFO | Mean Score: 9.18944099378882
2025-12-08 22:47:34,738 | INFO | Game 323 | Score: 16 | Record: 86
2025-12-08 22:47:34,738 | INFO | Mean Score: 9.210526315789474
2025-12-08 22:47:37,557 | INFO | Game 324 | Score: 2 | Record: 86
2025-12-08 22:47:37,557 | INFO | Mean Score: 9.188271604938272
2025-12-08 22:48:25,287 | INFO | Game 325 | Score: 46 | Record: 86
2025-12-08 22:48:25,287 | INFO | Mean Score: 9.301538461538462
2025-12-08 22:49:24,246 | INFO | Game 326 | Score: 57 | Record: 86
2025-12-08 22:49:24,246 | INFO | Mean Score: 9.447852760736197
2025-12-08 22:49:28,107 | INFO | Game 327 | Score: 3 | Record: 86
2025-12-08 22:49:28,108 | INFO | Mean Score: 9.428134556574923
2025-12-08 22:52:22,735 | INFO | Game 328 | Score: 170 | Record: 170
2025-12-08 22:52:22,736 | INFO | Mean Score: 9.917682926829269
2025-12-08 22:52:39,848 | INFO | Game 329 | Score: 16 | Record: 170
2025-12-08 22:52:39,848 | INFO | Mean Score: 9.936170212765957
2025-12-08 22:52:54,863 | INFO | Game 330 | Score: 14 | Record: 170
2025-12-08 22:52:54,863 | INFO | Mean Score: 9.94848484848485
2025-12-08 22:54:14,075 | INFO | Game 331 | Score: 77 | Record: 170
2025-12-08 22:54:14,075 | INFO | Mean Score: 10.15105740181269
2025-12-08 22:55:03,919 | INFO | Game 332 | Score: 48 | Record: 170
2025-12-08 22:55:03,919 | INFO | Mean Score: 10.265060240963855
2025-12-08 22:55:08,766 | INFO | Game 333 | Score: 4 | Record: 170
2025-12-08 22:55:08,766 | INFO | Mean Score: 10.246246246246246
2025-12-08 22:55:40,113 | INFO | Game 334 | Score: 30 | Record: 170
2025-12-08 22:55:40,113 | INFO | Mean Score: 10.305389221556887
2025-12-08 22:56:09,357 | INFO | Game 335 | Score: 28 | Record: 170
2025-12-08 22:56:09,357 | INFO | Mean Score: 10.35820895522388
2025-12-08 22:56:11,438 | INFO | Game 336 | Score: 1 | Record: 170
2025-12-08 22:56:11,438 | INFO | Mean Score: 10.330357142857142
2025-12-08 22:56:25,536 | INFO | Game 337 | Score: 13 | Record: 170
2025-12-08 22:56:25,537 | INFO | Mean Score: 10.338278931750741
2025-12-08 22:56:30,397 | INFO | Game 338 | Score: 4 | Record: 170
2025-12-08 22:56:30,398 | INFO | Mean Score: 10.319526627218934
2025-12-08 22:56:53,663 | INFO | Game 339 | Score: 22 | Record: 170
2025-12-08 22:56:53,663 | INFO | Mean Score: 10.353982300884956
2025-12-08 22:56:54,439 | INFO | Game 340 | Score: 0 | Record: 170
2025-12-08 22:56:54,439 | INFO | Mean Score: 10.323529411764707
2025-12-08 22:56:58,251 | INFO | Game 341 | Score: 3 | Record: 170
2025-12-08 22:56:58,251 | INFO | Mean Score: 10.302052785923754
2025-12-08 22:57:54,049 | INFO | Game 342 | Score: 54 | Record: 170
2025-12-08 22:57:54,049 | INFO | Mean Score: 10.429824561403509
2025-12-08 22:58:02,268 | INFO | Game 343 | Score: 7 | Record: 170
2025-12-08 22:58:02,268 | INFO | Mean Score: 10.419825072886297
2025-12-08 22:58:09,121 | INFO | Game 344 | Score: 6 | Record: 170
2025-12-08 22:58:09,121 | INFO | Mean Score: 10.406976744186046
2025-12-08 22:58:09,895 | INFO | Game 345 | Score: 0 | Record: 170
2025-12-08 22:58:09,895 | INFO | Mean Score: 10.376811594202898
2025-12-08 22:58:12,899 | INFO | Game 346 | Score: 2 | Record: 170
2025-12-08 22:58:12,899 | INFO | Mean Score: 10.352601156069364
2025-12-08 22:58:18,860 | INFO | Game 347 | Score: 5 | Record: 170
2025-12-08 22:58:18,860 | INFO | Mean Score: 10.337175792507205
2025-12-08 22:58:34,893 | INFO | Game 348 | Score: 15 | Record: 170
2025-12-08 22:58:34,893 | INFO | Mean Score: 10.350574712643677
2025-12-08 22:58:35,671 | INFO | Game 349 | Score: 0 | Record: 170
2025-12-08 22:58:35,671 | INFO | Mean Score: 10.320916905444125
2025-12-08 22:59:02,273 | INFO | Game 350 | Score: 25 | Record: 170
2025-12-08 22:59:02,273 | INFO | Mean Score: 10.362857142857143
2025-12-08 22:59:02,457 | INFO | ----- Last 50 Games Summary -----
2025-12-08 22:59:02,457 | INFO | Mean score: 21.54
2025-12-08 22:59:02,457 | INFO | Zero-score games: 3
2025-12-08 22:59:02,458 | INFO | Memory size: 40000
2025-12-08 22:59:02,458 | INFO | ---------------------------------
2025-12-08 22:59:11,241 | INFO | Game 351 | Score: 8 | Record: 170
2025-12-08 22:59:11,241 | INFO | Mean Score: 10.356125356125355
2025-12-08 22:59:20,191 | INFO | Game 352 | Score: 8 | Record: 170
2025-12-08 22:59:20,191 | INFO | Mean Score: 10.349431818181818
2025-12-08 22:59:33,239 | INFO | Game 353 | Score: 12 | Record: 170
2025-12-08 22:59:33,239 | INFO | Mean Score: 10.354107648725213
2025-12-08 22:59:54,537 | INFO | Game 354 | Score: 20 | Record: 170
2025-12-08 22:59:54,538 | INFO | Mean Score: 10.38135593220339
2025-12-08 22:59:57,354 | INFO | Game 355 | Score: 2 | Record: 170
2025-12-08 22:59:57,354 | INFO | Mean Score: 10.35774647887324
2025-12-08 23:00:09,337 | INFO | Game 356 | Score: 11 | Record: 170
2025-12-08 23:00:09,337 | INFO | Mean Score: 10.359550561797754
2025-12-08 23:00:14,196 | INFO | Game 357 | Score: 4 | Record: 170
2025-12-08 23:00:14,196 | INFO | Mean Score: 10.341736694677872
2025-12-08 23:00:22,138 | INFO | Game 358 | Score: 7 | Record: 170
2025-12-08 23:00:22,138 | INFO | Mean Score: 10.332402234636872
2025-12-08 23:00:24,925 | INFO | Game 359 | Score: 2 | Record: 170
2025-12-08 23:00:24,926 | INFO | Mean Score: 10.309192200557103
2025-12-08 23:00:25,686 | INFO | Game 360 | Score: 0 | Record: 170
2025-12-08 23:00:25,687 | INFO | Mean Score: 10.280555555555555
2025-12-08 23:00:32,573 | INFO | Game 361 | Score: 6 | Record: 170
2025-12-08 23:00:32,573 | INFO | Mean Score: 10.268698060941828
2025-12-08 23:00:38,406 | INFO | Game 362 | Score: 5 | Record: 170
2025-12-08 23:00:38,406 | INFO | Mean Score: 10.25414364640884
2025-12-08 23:01:41,753 | INFO | Game 363 | Score: 61 | Record: 170
2025-12-08 23:01:41,753 | INFO | Mean Score: 10.393939393939394
2025-12-08 23:02:07,119 | INFO | Game 364 | Score: 24 | Record: 170
2025-12-08 23:02:07,119 | INFO | Mean Score: 10.43131868131868
2025-12-08 23:02:26,250 | INFO | Game 365 | Score: 18 | Record: 170
2025-12-08 23:02:26,250 | INFO | Mean Score: 10.452054794520548
2025-12-08 23:04:26,488 | INFO | Game 366 | Score: 117 | Record: 170
2025-12-08 23:04:26,488 | INFO | Mean Score: 10.743169398907105
2025-12-08 23:04:39,516 | INFO | Game 367 | Score: 12 | Record: 170
2025-12-08 23:04:39,516 | INFO | Mean Score: 10.746594005449591
2025-12-08 23:04:44,338 | INFO | Game 368 | Score: 3 | Record: 170
2025-12-08 23:04:44,338 | INFO | Mean Score: 10.72554347826087
2025-12-08 23:04:50,260 | INFO | Game 369 | Score: 5 | Record: 170
2025-12-08 23:04:50,260 | INFO | Mean Score: 10.710027100271002
2025-12-08 23:05:30,760 | INFO | Game 370 | Score: 39 | Record: 170
2025-12-08 23:05:30,761 | INFO | Mean Score: 10.786486486486487
2025-12-08 23:05:35,586 | INFO | Game 371 | Score: 4 | Record: 170
2025-12-08 23:05:35,586 | INFO | Mean Score: 10.768194070080863
2025-12-08 23:06:21,545 | INFO | Game 372 | Score: 44 | Record: 170
2025-12-08 23:06:21,545 | INFO | Mean Score: 10.85752688172043
2025-12-08 23:06:42,716 | INFO | Game 373 | Score: 20 | Record: 170
2025-12-08 23:06:42,716 | INFO | Mean Score: 10.882037533512065
2025-12-08 23:07:28,301 | INFO | Game 374 | Score: 44 | Record: 170
2025-12-08 23:07:28,301 | INFO | Mean Score: 10.970588235294118
2025-12-08 23:07:47,850 | INFO | Game 375 | Score: 18 | Record: 170
2025-12-08 23:07:47,850 | INFO | Mean Score: 10.989333333333333
2025-12-08 23:07:55,821 | INFO | Game 376 | Score: 7 | Record: 170
2025-12-08 23:07:55,821 | INFO | Mean Score: 10.97872340425532
2025-12-08 23:08:46,571 | INFO | Game 377 | Score: 49 | Record: 170
2025-12-08 23:08:46,571 | INFO | Mean Score: 11.079575596816976
2025-12-08 23:09:24,308 | INFO | Game 378 | Score: 36 | Record: 170
2025-12-08 23:09:24,308 | INFO | Mean Score: 11.145502645502646
2025-12-08 23:10:09,300 | INFO | Game 379 | Score: 43 | Record: 170
2025-12-08 23:10:09,301 | INFO | Mean Score: 11.229551451187335
2025-12-08 23:10:32,466 | INFO | Game 380 | Score: 22 | Record: 170
2025-12-08 23:10:32,466 | INFO | Mean Score: 11.257894736842106
2025-12-08 23:11:09,999 | INFO | Game 381 | Score: 36 | Record: 170
2025-12-08 23:11:09,999 | INFO | Mean Score: 11.32283464566929
2025-12-08 23:11:40,356 | INFO | Game 382 | Score: 29 | Record: 170
2025-12-08 23:11:40,356 | INFO | Mean Score: 11.36910994764398
2025-12-08 23:13:42,577 | INFO | Game 383 | Score: 119 | Record: 170
2025-12-08 23:13:42,577 | INFO | Mean Score: 11.650130548302872
2025-12-08 23:13:54,585 | INFO | Game 384 | Score: 11 | Record: 170
2025-12-08 23:13:54,585 | INFO | Mean Score: 11.6484375
2025-12-08 23:13:56,373 | INFO | Game 385 | Score: 1 | Record: 170
2025-12-08 23:13:56,373 | INFO | Mean Score: 11.620779220779221
2025-12-08 23:14:06,312 | INFO | Game 386 | Score: 9 | Record: 170
2025-12-08 23:14:06,313 | INFO | Mean Score: 11.6139896373057
2025-12-08 23:14:13,172 | INFO | Game 387 | Score: 6 | Record: 170
2025-12-08 23:14:13,173 | INFO | Mean Score: 11.599483204134367
2025-12-08 23:14:17,331 | INFO | Game 388 | Score: 3 | Record: 170
2025-12-08 23:14:17,331 | INFO | Mean Score: 11.577319587628866
2025-12-08 23:14:25,331 | INFO | Game 389 | Score: 7 | Record: 170
2025-12-08 23:14:25,332 | INFO | Mean Score: 11.565552699228792
2025-12-08 23:14:56,890 | INFO | Game 390 | Score: 30 | Record: 170
2025-12-08 23:14:56,891 | INFO | Mean Score: 11.612820512820512
2025-12-08 23:15:54,270 | INFO | Game 391 | Score: 55 | Record: 170
2025-12-08 23:15:54,270 | INFO | Mean Score: 11.72378516624041
2025-12-08 23:15:58,205 | INFO | Game 392 | Score: 3 | Record: 170
2025-12-08 23:15:58,205 | INFO | Mean Score: 11.701530612244898
2025-12-08 23:16:14,257 | INFO | Game 393 | Score: 15 | Record: 170
2025-12-08 23:16:14,257 | INFO | Mean Score: 11.709923664122137
2025-12-08 23:18:54,359 | INFO | Game 394 | Score: 156 | Record: 170
2025-12-08 23:18:54,360 | INFO | Mean Score: 12.076142131979696
2025-12-08 23:19:16,532 | INFO | Game 395 | Score: 21 | Record: 170
2025-12-08 23:19:16,533 | INFO | Mean Score: 12.09873417721519
2025-12-08 23:19:20,416 | INFO | Game 396 | Score: 3 | Record: 170
2025-12-08 23:19:20,417 | INFO | Mean Score: 12.075757575757576
2025-12-08 23:19:24,244 | INFO | Game 397 | Score: 3 | Record: 170
2025-12-08 23:19:24,244 | INFO | Mean Score: 12.052896725440807
2025-12-08 23:19:38,297 | INFO | Game 398 | Score: 13 | Record: 170
2025-12-08 23:19:38,297 | INFO | Mean Score: 12.055276381909549
2025-12-08 23:20:05,578 | INFO | Game 399 | Score: 26 | Record: 170
2025-12-08 23:20:05,578 | INFO | Mean Score: 12.090225563909774
2025-12-08 23:20:08,455 | INFO | Game 400 | Score: 2 | Record: 170
2025-12-08 23:20:08,455 | INFO | Mean Score: 12.065
2025-12-08 23:20:08,582 | INFO | ----- Last 50 Games Summary -----
2025-12-08 23:20:08,582 | INFO | Mean score: 23.98
2025-12-08 23:20:08,582 | INFO | Zero-score games: 1
2025-12-08 23:20:08,582 | INFO | Memory size: 40000
2025-12-08 23:20:08,582 | INFO | ---------------------------------
